# JRE version: Java(TM) SE Runtime Environment (8.0_241-b07) (build 1.8.0_241-b07)
# Java VM: Java HotSpot(TM) 64-Bit Server VM (25.241-b07 mixed mode linux-amd64 compressed oops)
Heap:
 PSYoungGen      total 521728K, used 185977K [0x000000076d200000, 0x000000078fc80000, 0x00000007c0000000)
  eden space 515584K, 34% used [0x000000076d200000,0x00000007781d6738,0x000000078c980000)
  from space 6144K, 96% used [0x000000078f680000,0x000000078fc48010,0x000000078fc80000)
  to   space 19456K, 0% used [0x000000078d680000,0x000000078d680000,0x000000078e980000)
 ParOldGen       total 148480K, used 22553K [0x00000006c7600000, 0x00000006d0700000, 0x000000076d200000)
  object space 148480K, 15% used [0x00000006c7600000,0x00000006c8c06620,0x00000006d0700000)
 Metaspace       used 49501K, capacity 52899K, committed 53080K, reserved 1095680K
  class space    used 6773K, capacity 7472K, committed 7552K, reserved 1048576K
GC Heap History (10 events):
Event: 768.443 GC heap before
{Heap before GC invocations=18 (full 7):
 PSYoungGen      total 404480K, used 3152K [0x000000076d200000, 0x0000000787200000, 0x00000007c0000000)
  eden space 382976K, 0% used [0x000000076d200000,0x000000076d200000,0x0000000784800000)
  from space 21504K, 14% used [0x0000000784800000,0x0000000784b14308,0x0000000785d00000)
  to   space 21504K, 0% used [0x0000000785d00000,0x0000000785d00000,0x0000000787200000)
 ParOldGen       total 148480K, used 24076K [0x00000006c7600000, 0x00000006d0700000, 0x000000076d200000)
  object space 148480K, 16% used [0x00000006c7600000,0x00000006c8d83248,0x00000006d0700000)
 Metaspace       used 49089K, capacity 52313K, committed 52440K, reserved 1093632K
  class space    used 6725K, capacity 7366K, committed 7424K, reserved 1048576K
Event: 768.535 GC heap after
Heap after GC invocations=18 (full 7):
 PSYoungGen      total 404480K, used 0K [0x000000076d200000, 0x0000000787200000, 0x00000007c0000000)
  eden space 382976K, 0% used [0x000000076d200000,0x000000076d200000,0x0000000784800000)
  from space 21504K, 0% used [0x0000000784800000,0x0000000784800000,0x0000000785d00000)
  to   space 21504K, 0% used [0x0000000785d00000,0x0000000785d00000,0x0000000787200000)
 ParOldGen       total 148480K, used 22559K [0x00000006c7600000, 0x00000006d0700000, 0x000000076d200000)
  object space 148480K, 15% used [0x00000006c7600000,0x00000006c8c07fb0,0x00000006d0700000)
 Metaspace       used 49086K, capacity 52307K, committed 52440K, reserved 1093632K
  class space    used 6725K, capacity 7364K, committed 7424K, reserved 1048576K
}
Event: 770.261 GC heap before
{Heap before GC invocations=19 (full 7):
 PSYoungGen      total 404480K, used 75700K [0x000000076d200000, 0x0000000787200000, 0x00000007c0000000)
  eden space 382976K, 19% used [0x000000076d200000,0x0000000771bed208,0x0000000784800000)
  from space 21504K, 0% used [0x0000000784800000,0x0000000784800000,0x0000000785d00000)
  to   space 21504K, 0% used [0x0000000785d00000,0x0000000785d00000,0x0000000787200000)
 ParOldGen       total 148480K, used 22559K [0x00000006c7600000, 0x00000006d0700000, 0x000000076d200000)
  object space 148480K, 15% used [0x00000006c7600000,0x00000006c8c07fb0,0x00000006d0700000)
 Metaspace       used 49234K, capacity 52599K, committed 52696K, reserved 1095680K
  class space    used 6745K, capacity 7423K, committed 7424K, reserved 1048576K
Event: 770.266 GC heap after
Heap after GC invocations=19 (full 7):
 PSYoungGen      total 404480K, used 2974K [0x000000076d200000, 0x0000000787200000, 0x00000007c0000000)
  eden space 382976K, 0% used [0x000000076d200000,0x000000076d200000,0x0000000784800000)
  from space 21504K, 13% used [0x0000000785d00000,0x0000000785fe79d8,0x0000000787200000)
  to   space 21504K, 0% used [0x0000000784800000,0x0000000784800000,0x0000000785d00000)
 ParOldGen       total 148480K, used 22567K [0x00000006c7600000, 0x00000006d0700000, 0x000000076d200000)
  object space 148480K, 15% used [0x00000006c7600000,0x00000006c8c09fb0,0x00000006d0700000)
 Metaspace       used 49234K, capacity 52599K, committed 52696K, reserved 1095680K
  class space    used 6745K, capacity 7423K, committed 7424K, reserved 1048576K
}
Event: 770.266 GC heap before
{Heap before GC invocations=20 (full 8):
 PSYoungGen      total 404480K, used 2974K [0x000000076d200000, 0x0000000787200000, 0x00000007c0000000)
  eden space 382976K, 0% used [0x000000076d200000,0x000000076d200000,0x0000000784800000)
  from space 21504K, 13% used [0x0000000785d00000,0x0000000785fe79d8,0x0000000787200000)
  to   space 21504K, 0% used [0x0000000784800000,0x0000000784800000,0x0000000785d00000)
 ParOldGen       total 148480K, used 22567K [0x00000006c7600000, 0x00000006d0700000, 0x000000076d200000)
  object space 148480K, 15% used [0x00000006c7600000,0x00000006c8c09fb0,0x00000006d0700000)
 Metaspace       used 49234K, capacity 52599K, committed 52696K, reserved 1095680K
  class space    used 6745K, capacity 7423K, committed 7424K, reserved 1048576K
Event: 770.367 GC heap after
Heap after GC invocations=20 (full 8):
 PSYoungGen      total 404480K, used 0K [0x000000076d200000, 0x0000000787200000, 0x00000007c0000000)
  eden space 382976K, 0% used [0x000000076d200000,0x000000076d200000,0x0000000784800000)
  from space 21504K, 0% used [0x0000000785d00000,0x0000000785d00000,0x0000000787200000)
  to   space 21504K, 0% used [0x0000000784800000,0x0000000784800000,0x0000000785d00000)
 ParOldGen       total 148480K, used 22537K [0x00000006c7600000, 0x00000006d0700000, 0x000000076d200000)
  object space 148480K, 15% used [0x00000006c7600000,0x00000006c8c02620,0x00000006d0700000)
 Metaspace       used 49231K, capacity 52593K, committed 52696K, reserved 1095680K
  class space    used 6745K, capacity 7421K, committed 7424K, reserved 1048576K
}
Event: 1521.429 GC heap before
{Heap before GC invocations=21 (full 8):
 PSYoungGen      total 404480K, used 382976K [0x000000076d200000, 0x0000000787200000, 0x00000007c0000000)
  eden space 382976K, 100% used [0x000000076d200000,0x0000000784800000,0x0000000784800000)
  from space 21504K, 0% used [0x0000000785d00000,0x0000000785d00000,0x0000000787200000)
  to   space 21504K, 0% used [0x0000000784800000,0x0000000784800000,0x0000000785d00000)
 ParOldGen       total 148480K, used 22537K [0x00000006c7600000, 0x00000006d0700000, 0x000000076d200000)
  object space 148480K, 15% used [0x00000006c7600000,0x00000006c8c02620,0x00000006d0700000)
 Metaspace       used 49497K, capacity 52899K, committed 53080K, reserved 1095680K
  class space    used 6772K, capacity 7472K, committed 7552K, reserved 1048576K
Event: 1521.440 GC heap after
Heap after GC invocations=21 (full 8):
 PSYoungGen      total 404480K, used 6615K [0x000000076d200000, 0x0000000790a80000, 0x00000007c0000000)
  eden space 382976K, 0% used [0x000000076d200000,0x000000076d200000,0x0000000784800000)
  from space 21504K, 30% used [0x0000000784800000,0x0000000784e75d70,0x0000000785d00000)
  to   space 20480K, 0% used [0x000000078f680000,0x000000078f680000,0x0000000790a80000)
 ParOldGen       total 148480K, used 22545K [0x00000006c7600000, 0x00000006d0700000, 0x000000076d200000)
  object space 148480K, 15% used [0x00000006c7600000,0x00000006c8c04620,0x00000006d0700000)
 Metaspace       used 49497K, capacity 52899K, committed 53080K, reserved 1095680K
  class space    used 6772K, capacity 7472K, committed 7552K, reserved 1048576K
}
Event: 2605.188 GC heap before
{Heap before GC invocations=22 (full 8):
 PSYoungGen      total 404480K, used 389591K [0x000000076d200000, 0x0000000790a80000, 0x00000007c0000000)
  eden space 382976K, 100% used [0x000000076d200000,0x0000000784800000,0x0000000784800000)
  from space 21504K, 30% used [0x0000000784800000,0x0000000784e75d70,0x0000000785d00000)
  to   space 20480K, 0% used [0x000000078f680000,0x000000078f680000,0x0000000790a80000)
 ParOldGen       total 148480K, used 22545K [0x00000006c7600000, 0x00000006d0700000, 0x000000076d200000)
  object space 148480K, 15% used [0x00000006c7600000,0x00000006c8c04620,0x00000006d0700000)
 Metaspace       used 49500K, capacity 52899K, committed 53080K, reserved 1095680K
  class space    used 6773K, capacity 7472K, committed 7552K, reserved 1048576K
Event: 2605.193 GC heap after
Heap after GC invocations=22 (full 8):
 PSYoungGen      total 521728K, used 5920K [0x000000076d200000, 0x000000078fc80000, 0x00000007c0000000)
  eden space 515584K, 0% used [0x000000076d200000,0x000000076d200000,0x000000078c980000)
  from space 6144K, 96% used [0x000000078f680000,0x000000078fc48010,0x000000078fc80000)
  to   space 19456K, 0% used [0x000000078d680000,0x000000078d680000,0x000000078e980000)
 ParOldGen       total 148480K, used 22553K [0x00000006c7600000, 0x00000006d0700000, 0x000000076d200000)
  object space 148480K, 15% used [0x00000006c7600000,0x00000006c8c06620,0x00000006d0700000)
 Metaspace       used 49500K, capacity 52899K, committed 53080K, reserved 1095680K
  class space    used 6773K, capacity 7472K, committed 7552K, reserved 1048576K
}

